-------------------------------------------------------------------------------
Test set: srivastava.neelesh.creditcardvalidation.LuhnValidateTest
-------------------------------------------------------------------------------
Tests run: 11, Failures: 9, Errors: 0, Skipped: 0, Time elapsed: 0.09 sec <<< FAILURE!
srivastava.neelesh.creditcardvalidation.LuhnValidateTest.testCardType3()  Time elapsed: 0.085 sec  <<< FAILURE!
org.opentest4j.AssertionFailedError: expected: <Card may be valid but indeterminable> but was: <JCB>
	at org.junit.jupiter.api.AssertionUtils.fail(AssertionUtils.java:55)
	at org.junit.jupiter.api.AssertionUtils.failNotEqual(AssertionUtils.java:62)
	at org.junit.jupiter.api.AssertEquals.assertEquals(AssertEquals.java:182)
	at org.junit.jupiter.api.AssertEquals.assertEquals(AssertEquals.java:177)
	at org.junit.jupiter.api.Assertions.assertEquals(Assertions.java:1124)
	at srivastava.neelesh.creditcardvalidation.LuhnValidateTest.testCardType3(LuhnValidateTest.java:82)

srivastava.neelesh.creditcardvalidation.LuhnValidateTest.testCardType2()  Time elapsed: 0 sec  <<< FAILURE!
org.opentest4j.AssertionFailedError: expected: <Card may be valid but indeterminable> but was: <VISA>
	at org.junit.jupiter.api.AssertionUtils.fail(AssertionUtils.java:55)
	at org.junit.jupiter.api.AssertionUtils.failNotEqual(AssertionUtils.java:62)
	at org.junit.jupiter.api.AssertEquals.assertEquals(AssertEquals.java:182)
	at org.junit.jupiter.api.AssertEquals.assertEquals(AssertEquals.java:177)
	at org.junit.jupiter.api.Assertions.assertEquals(Assertions.java:1124)
	at srivastava.neelesh.creditcardvalidation.LuhnValidateTest.testCardType2(LuhnValidateTest.java:77)

srivastava.neelesh.creditcardvalidation.LuhnValidateTest.testCheckLuhn3()  Time elapsed: 0 sec  <<< FAILURE!
org.opentest4j.AssertionFailedError: expected: <true> but was: <false>
	at org.junit.jupiter.api.AssertionUtils.fail(AssertionUtils.java:55)
	at org.junit.jupiter.api.AssertTrue.assertTrue(AssertTrue.java:40)
	at org.junit.jupiter.api.AssertTrue.assertTrue(AssertTrue.java:35)
	at org.junit.jupiter.api.Assertions.assertTrue(Assertions.java:162)
	at srivastava.neelesh.creditcardvalidation.LuhnValidateTest.testCheckLuhn3(LuhnValidateTest.java:53)

srivastava.neelesh.creditcardvalidation.LuhnValidateTest.testCardType4()  Time elapsed: 0 sec  <<< FAILURE!
org.opentest4j.AssertionFailedError: expected: <Card may be valid but indeterminable> but was: <Discover>
	at org.junit.jupiter.api.AssertionUtils.fail(AssertionUtils.java:55)
	at org.junit.jupiter.api.AssertionUtils.failNotEqual(AssertionUtils.java:62)
	at org.junit.jupiter.api.AssertEquals.assertEquals(AssertEquals.java:182)
	at org.junit.jupiter.api.AssertEquals.assertEquals(AssertEquals.java:177)
	at org.junit.jupiter.api.Assertions.assertEquals(Assertions.java:1124)
	at srivastava.neelesh.creditcardvalidation.LuhnValidateTest.testCardType4(LuhnValidateTest.java:87)

srivastava.neelesh.creditcardvalidation.LuhnValidateTest.testCheckLuhn2()  Time elapsed: 0 sec  <<< FAILURE!
org.opentest4j.AssertionFailedError: expected: <true> but was: <false>
	at org.junit.jupiter.api.AssertionUtils.fail(AssertionUtils.java:55)
	at org.junit.jupiter.api.AssertTrue.assertTrue(AssertTrue.java:40)
	at org.junit.jupiter.api.AssertTrue.assertTrue(AssertTrue.java:35)
	at org.junit.jupiter.api.Assertions.assertTrue(Assertions.java:162)
	at srivastava.neelesh.creditcardvalidation.LuhnValidateTest.testCheckLuhn2(LuhnValidateTest.java:48)

srivastava.neelesh.creditcardvalidation.LuhnValidateTest.testCheckLuhn4()  Time elapsed: 0 sec  <<< FAILURE!
org.opentest4j.AssertionFailedError: expected: <true> but was: <false>
	at org.junit.jupiter.api.AssertionUtils.fail(AssertionUtils.java:55)
	at org.junit.jupiter.api.AssertTrue.assertTrue(AssertTrue.java:40)
	at org.junit.jupiter.api.AssertTrue.assertTrue(AssertTrue.java:35)
	at org.junit.jupiter.api.Assertions.assertTrue(Assertions.java:162)
	at srivastava.neelesh.creditcardvalidation.LuhnValidateTest.testCheckLuhn4(LuhnValidateTest.java:58)

srivastava.neelesh.creditcardvalidation.LuhnValidateTest.testCardType1()  Time elapsed: 0.001 sec  <<< FAILURE!
org.opentest4j.AssertionFailedError: expected: <Card may be valid but indeterminable> but was: <MasterCard>
	at org.junit.jupiter.api.AssertionUtils.fail(AssertionUtils.java:55)
	at org.junit.jupiter.api.AssertionUtils.failNotEqual(AssertionUtils.java:62)
	at org.junit.jupiter.api.AssertEquals.assertEquals(AssertEquals.java:182)
	at org.junit.jupiter.api.AssertEquals.assertEquals(AssertEquals.java:177)
	at org.junit.jupiter.api.Assertions.assertEquals(Assertions.java:1124)
	at srivastava.neelesh.creditcardvalidation.LuhnValidateTest.testCardType1(LuhnValidateTest.java:72)

srivastava.neelesh.creditcardvalidation.LuhnValidateTest.testCardType5()  Time elapsed: 0 sec  <<< FAILURE!
org.opentest4j.AssertionFailedError: expected: <Card may be valid but indeterminable> but was: <RuPay>
	at org.junit.jupiter.api.AssertionUtils.fail(AssertionUtils.java:55)
	at org.junit.jupiter.api.AssertionUtils.failNotEqual(AssertionUtils.java:62)
	at org.junit.jupiter.api.AssertEquals.assertEquals(AssertEquals.java:182)
	at org.junit.jupiter.api.AssertEquals.assertEquals(AssertEquals.java:177)
	at org.junit.jupiter.api.Assertions.assertEquals(Assertions.java:1124)
	at srivastava.neelesh.creditcardvalidation.LuhnValidateTest.testCardType5(LuhnValidateTest.java:92)

srivastava.neelesh.creditcardvalidation.LuhnValidateTest.testCheckLuhn1()  Time elapsed: 0 sec  <<< FAILURE!
org.opentest4j.AssertionFailedError: expected: <true> but was: <false>
	at org.junit.jupiter.api.AssertionUtils.fail(AssertionUtils.java:55)
	at org.junit.jupiter.api.AssertTrue.assertTrue(AssertTrue.java:40)
	at org.junit.jupiter.api.AssertTrue.assertTrue(AssertTrue.java:35)
	at org.junit.jupiter.api.Assertions.assertTrue(Assertions.java:162)
	at srivastava.neelesh.creditcardvalidation.LuhnValidateTest.testCheckLuhn1(LuhnValidateTest.java:43)

